<?xml version="1.0" encoding="UTF-8"?>
<testsuite xmlns:xsi="http://www.w3.org/2001/XMLSchema-instance" xsi:noNamespaceSchemaLocation="https://maven.apache.org/surefire/maven-surefire-plugin/xsd/surefire-test-report-3.0.xsd" version="3.0" name="runner.TestRunner" time="78.071" tests="6" errors="0" skipped="0" failures="0">
  <properties>
[...]
</properties>
  <testcase name="runScenario[&quot;Verify the search bar on the home page&quot;, &quot;Validate Home Page functionality&quot;](1)" classname="runner.TestRunner" time="6.534">
    <system-err><![CDATA[Mar 21, 2025 10:30:00 AM org.openqa.selenium.devtools.CdpVersionFinder findNearestMatch
WARNING: Unable to find an exact match for CDP version 134, returning the closest version; found: 133; Please update to a Selenium version that supports CDP version 134
]]></system-err>
  </testcase>
  <testcase name="runScenario[&quot;Place an order&quot;, &quot;Order Placement&quot;](2)" classname="runner.TestRunner" time="32.555">
    <system-out><![CDATA[
Scenario: Verify the search bar on the home page &amp#27;[90m# src/test/resources/features/HomePage.feature:3&amp#27;[0m
  &amp#27;[32mGiven &amp#27;[0m&amp#27;[32mI open the Demowebshop website&amp#27;[0m           &amp#27;[90m# StepDefinations.HomePageSteps.openWebsite()&amp#27;[0m
  &amp#27;[32mThen &amp#27;[0m&amp#27;[32mI verify the search bar is displayed&amp#27;[0m      &amp#27;[90m# StepDefinations.HomePageSteps.verifySearchBarDisplayed()&amp#27;[0m

Scenario: Place an order                                                                         &amp#27;[90m# src/test/resources/features/OrderPlacement.feature:4&amp#27;[0m
  &amp#27;[32mGiven &amp#27;[0m&amp#27;[32mI open the Demowebshop homepage&amp#27;[0m                                                          &amp#27;[90m# StepDefinations.OrderSteps.openHomepage()&amp#27;[0m
  &amp#27;[32mAnd &amp#27;[0m&amp#27;[32mI click on the item &amp#27;[0m&amp#27;[32m&amp#27;[1m"14.1-inch Laptop"&amp#27;[0m                                                     &amp#27;[90m# StepDefinations.OrderSteps.clickOnItem(java.lang.String)&amp#27;[0m
  &amp#27;[32mWhen &amp#27;[0m&amp#27;[32mI add the item to the cart&amp#27;[0m                                                                &amp#27;[90m# StepDefinations.OrderSteps.addItemToCart()&amp#27;[0m
  &amp#27;[32mAnd &amp#27;[0m&amp#27;[32mI click on the cart&amp#27;[0m                                                                        &amp#27;[90m# StepDefinations.OrderSteps.clickOnShoppingCart()&amp#27;[0m
  &amp#27;[32mAnd &amp#27;[0m&amp#27;[32mI select &amp#27;[0m&amp#27;[32m&amp#27;[1m"I agree"&amp#27;[0m&amp#27;[32m checkbox&amp#27;[0m                                                                &amp#27;[90m# StepDefinations.OrderSteps.selectCheckbox(java.lang.String)&amp#27;[0m
  &amp#27;[32mAnd &amp#27;[0m&amp#27;[32mI click on the checkout button&amp#27;[0m                                                             &amp#27;[90m# StepDefinations.OrderSteps.clickOnCheckout()&amp#27;[0m
  &amp#27;[32mAnd &amp#27;[0m&amp#27;[32mI click on checkout as guest button&amp#27;[0m                                                        &amp#27;[90m# StepDefinations.OrderSteps.clickCheckoutAsGuest()&amp#27;[0m
  &amp#27;[32mAnd &amp#27;[0m&amp#27;[32mI enter billing details:&amp#27;[0m                                                                   &amp#27;[90m# StepDefinations.OrderSteps.enterBillingDetails(io.cucumber.datatable.DataTable)&amp#27;[0m
    | Field             | Value              |
    | First name        | sai                |
    | Last name         | kiriti             |
    | Email             | saikiriti@test.com |
    | Country           | United States      |
    | City              | New York           |
    | Address 1         | 123 Main St        |
    | Zip / postal code | 10001              |
    | Phone number      | 1234567890         |
  &amp#27;[32mAnd &amp#27;[0m&amp#27;[32mI click on continue buttons for Shipping, Payment, and Confirmation&amp#27;[0m                        &amp#27;[90m# StepDefinations.OrderSteps.clickContinueSteps()&amp#27;[0m
  &amp#27;[32mAnd &amp#27;[0m&amp#27;[32mI click on the confirm order button&amp#27;[0m                                                        &amp#27;[90m# StepDefinations.OrderSteps.clickConfirmOrder()&amp#27;[0m
  &amp#27;[32mThen &amp#27;[0m&amp#27;[32mI should see the order confirmation message &amp#27;[0m&amp#27;[32m&amp#27;[1m"Your order has been successfully processed!"&amp#27;[0m &amp#27;[90m# StepDefinations.OrderSteps.verifyOrderConfirmation(java.lang.String)&amp#27;[0m
]]></system-out>
    <system-err><![CDATA[Mar 21, 2025 10:30:06 AM org.openqa.selenium.devtools.CdpVersionFinder findNearestMatch
WARNING: Unable to find an exact match for CDP version 134, returning the closest version; found: 133; Please update to a Selenium version that supports CDP version 134
]]></system-err>
  </testcase>
  <testcase name="runScenario[&quot;Validate product details after searching&quot;, &quot;Product Details Functionality&quot;](3)" classname="runner.TestRunner" time="9.446">
    <system-out><![CDATA[  &amp#27;[32mAnd &amp#27;[0m&amp#27;[32mI click on &amp#27;[0m&amp#27;[32m&amp#27;[1m"Click here for order details."&amp#27;[0m&amp#27;[32m button to view all details&amp#27;[0m                      &amp#27;[90m# StepDefinations.OrderSteps.clickOnOrderDetails(java.lang.String)&amp#27;[0m

Scenario: Validate product details after searching                              &amp#27;[90m# src/test/resources/features/ProductDeatails.feature:3&amp#27;[0m
  &amp#27;[32mGiven &amp#27;[0m&amp#27;[32mI open the Demowebshop&amp#27;[0m                                                  &amp#27;[90m# StepDefinations.ProductDetailsSteps.openDemowebshop()&amp#27;[0m
  &amp#27;[32mWhen &amp#27;[0m&amp#27;[32mI search for a product with keyword &amp#27;[0m&amp#27;[32m&amp#27;[1m"Laptop"&amp#27;[0m                             &amp#27;[90m# StepDefinations.ProductDetailsSteps.searchForProduct(java.lang.String)&amp#27;[0m
  &amp#27;[32mAnd &amp#27;[0m&amp#27;[32mI click on the product for &amp#27;[0m&amp#27;[32m&amp#27;[1m"Laptop"&amp#27;[0m                                       &amp#27;[90m# StepDefinations.ProductDetailsSteps.clickOnProductLink(java.lang.String)&amp#27;[0m
  &amp#27;[32mThen &amp#27;[0m&amp#27;[32mI should see the product title&amp#27;[0m                                           &amp#27;[90m# StepDefinations.ProductDetailsSteps.validateProductTitle()&amp#27;[0m
  &amp#27;[32mAnd &amp#27;[0m&amp#27;[32mI should see the product description&amp#27;[0m                                      &amp#27;[90m# StepDefinations.ProductDetailsSteps.validateProductDescription()&amp#27;[0m
  &amp#27;[32mAnd &amp#27;[0m&amp#27;[32mI should see the product price&amp#27;[0m                                            &amp#27;[90m# StepDefinations.ProductDetailsSteps.validateProductPrice()&amp#27;[0m
  &amp#27;[32mAnd &amp#27;[0m&amp#27;[32mI should see the product image&amp#27;[0m                                            &amp#27;[90m# StepDefinations.ProductDetailsSteps.validateProductImage()&amp#27;[0m
  &amp#27;[32mAnd &amp#27;[0m&amp#27;[32mI should see the product availability status&amp#27;[0m                              &amp#27;[90m# StepDefinations.ProductDetailsSteps.validateProductAvailability()&amp#27;[0m
  &amp#27;[32mAnd &amp#27;[0m&amp#27;[32mI add the product to the cart&amp#27;[0m                                             &amp#27;[90m# StepDefinations.ProductDetailsSteps.addT Expected message not found: The product has been added to your
]]></system-out>
    <system-err><![CDATA[Mar 21, 2025 10:30:38 AM org.openqa.selenium.devtools.CdpVersionFinder findNearestMatch
WARNING: Unable to find an exact match for CDP version 134, returning the closest version; found: 133; Please update to a Selenium version that supports CDP version 134
]]></system-err>
  </testcase>
  <testcase name="runScenario[&quot;Search for a product and filter by category and price range&quot;, &quot;Automate search functionality on the Demowebshop website&quot;](4)" classname="runner.TestRunner" time="6.573">
    <system-out><![CDATA[oCart()&amp#27;[0m
  &amp#27;[32mThen &amp#27;[0m&amp#27;[32mI should see a confirmation message &amp#27;[0m&amp#27;[32m&amp#27;[1m"The product has been added to your"&amp#27;[0m &amp#27;[90m# StepDefinations.ProductDetailsSteps.verifyCartAdditionMessage(java.lang.String)&amp#27;[0m

Scenario: Search for a product and filter by category and price range &amp#27;[90m# src/test/resources/features/Search.feature:3&amp#27;[0m
  &amp#27;[32mGiven &amp#27;[0m&amp#27;[32mopen the Demowebshop&amp#27;[0m                                          &amp#27;[90m# StepDefinations.SearchSteps.openWebsite()&amp#27;[0m
  &amp#27;[32mWhen &amp#27;[0m&amp#27;[32mI search for a product with the keyword from Excel sheet&amp#27;[0m       &amp#27;[90m# StepDefinations.SearchSteps.searchForProductFromExcel()&amp#27;[0m
  &amp#27;[32mAnd &amp#27;[0m&amp#27;[32mI click on the advanced search option&amp#27;[0m                           &amp#27;[90m# StepDefinations.SearchSteps.clickAdvancedSearch()&amp#27;[0m
  &amp#27;[32mThen &amp#27;[0m&amp#27;[32mI filter the results by category &amp#27;[0m&amp#27;[32m&amp#27;[1m" Computers >> Desktops"&amp#27;[0m      &amp#27;[90m# StepDefinations.SearchSteps.filterByCategory(java.lang.String)&amp#27;[0m
]]></system-out>
    <system-err><![CDATA[Mar 21, 2025 10:30:48 AM org.openqa.selenium.devtools.CdpVersionFinder findNearestMatch
WARNING: Unable to find an exact match for CDP version 134, returning the closest version; found: 133; Please update to a Selenium version that supports CDP version 134
ERROR StatusLogger Log4j2 could not find a logging implementation. Please add log4j-core to the classpath. Using SimpleLogger to log to the console...
]]></system-err>
  </testcase>
  <testcase name="runScenario[&quot;Manage items in the shopping cart with multiple products&quot;, &quot;Shopping Cart Functionality&quot;](5)" classname="runner.TestRunner" time="12.812">
    <system-out><![CDATA[  &amp#27;[32mAnd &amp#27;[0m&amp#27;[32mI filter the results by price range from &amp#27;[0m&amp#27;[32m&amp#27;[1m"1000"&amp#27;[0m&amp#27;[32m to &amp#27;[0m&amp#27;[32m&amp#27;[1m"2000"&amp#27;[0m       &amp#27;[90m# StepDefinations.SearchSteps.filterByPriceRange(java.lang.String,java.lang.String)&amp#27;[0m
  &amp#27;[32mAnd &amp#27;[0m&amp#27;[32mI click on the search button to apply filters&amp#27;[0m                   &amp#27;[90m# StepDefinations.SearchSteps.clickSearchButtonToApplyFilters()&amp#27;[0m
  &amp#27;[32mAnd &amp#27;[0m&amp#27;[32mI verify the filtered results are displayed correctly&amp#27;[0m           &amp#27;[90m# StepDefinations.SearchSteps.verifyFilteredResults()&amp#27;[0m

Scenario: Manage items in the shopping cart with multiple products &amp#27;[90m# src/test/resources/features/ShoppingCart.feature:3&amp#27;[0m
  &amp#27;[32mGiven &amp#27;[0m&amp#27;[32mI open the Demowebshop the website&amp#27;[0m                         &amp#27;[90m# StepDefinations.ShoppingCartSteps.iOpenTheDemowebshopWebsite()&amp#27;[0m
  &amp#27;[32mWhen &amp#27;[0m&amp#27;[32mI search for a First product with keyword &amp#27;[0m&amp#27;[32m&amp#27;[1m"Laptop"&amp#27;[0m          &amp#27;[90m# StepDefinations.ShoppingCartSteps.iSearchForAFirstProductWithKeyword(java.lang.String)&amp#27;[0m
  &amp#27;[32mAnd &amp#27;[0m&amp#27;[32mI click on the first product for &amp#27;[0m&amp#27;[32m&amp#27;[1m"Laptop"&amp#27;[0m                    &amp#27;[90m# StepDefinations.ShoppingCartSteps.iClickOnTheFirstProductFor(java.lang.String)&amp#27;[0m
  &amp#27;[32mAnd &amp#27;[0m&amp#27;[32mI add the first product to the cart&amp#27;[0m                          &amp#27;[90m# StepDefinations.ShoppingCartSteps.iAddTheFirstProductToTheCart()&amp#27;[0m
  &amp#27;[32mWhen &amp#27;[0m&amp#27;[32mI search for another product with keyword &amp#27;[0m&amp#27;[32m&amp#27;[1m"Phone"&amp#27;[0m           &amp#27;[90m# StepDefinations.ShoppingCartSteps.iSearchForAnotherProductWithKeyword(java.lang.String)&amp#27;[0m
  &amp#27;[32mAnd &amp#27;[0m&amp#27;[32mI click on the second product for &amp#27;[0m&amp#27;[32m&amp#27;[1m"Phone"&amp#27;[0m                    &amp#27;[90m# StepDefinations.ShoppingCartSteps.iClickOnTheSecondProductFor(java.lang.String)&amp#27;[0m
  &amp#27;[32mAnd &amp#27;[0m&amp#27;[32mI add the second product to the cart&amp#27;[0m                         &amp#27;[90m# StepDefinations.ShoppingCartSteps.iAddTheSecondProductToTheCart()&amp#27;[0m
  &amp#27;[32mThen &amp#27;[0m&amp#27;[32mI click on the shopping cart&amp#27;[0m                                &amp#27;[90m# StepDefinations.ShoppingCartSteps.iClickOnTheShoppingCart()&amp#27;[0m
  &amp#27;[32mAnd &amp#27;[0m&amp#27;[32mI select the checkbox for the first product&amp#27;[0m                  &amp#27;[90m# StepDefinations.ShoppingCartSteps.iSelectTheCheckboxForTheFirstProduct()&amp#27;[0m
  &amp#27;[32mAnd &amp#27;[0m&amp#27;[32mI click on update shopping cart&amp#27;[0m                              &amp#27;[90m# StepDefinations.ShoppingCartSteps.iClickOnUpdateShoppingCart()&amp#27;[0m
  &amp#27;[32mAnd &amp#27;[0m&amp#27;[32mI click on quantity and change it to &amp#27;[0m&amp#27;[32m&amp#27;[1m"6"&amp#27;[0m                     &amp#27;[90m# StepDefinations.ShoppingCartSteps.iClickOnQuantityAndChangeItTo(java.lang.String)]]></system-out>
    <system-err><![CDATA[Mar 21, 2025 10:30:54 AM org.openqa.selenium.devtools.CdpVersionFinder findNearestMatch
WARNING: Unable to find an exact match for CDP version 134, returning the closest version; found: 133; Please update to a Selenium version that supports CDP version 134
]]></system-err>
  </testcase>
  <testcase name="runScenario[&quot;Register a new user&quot;, &quot;User Registration, Login, and Password Recovery&quot;](6)" classname="runner.TestRunner" time="8.847">
    <system-out><![CDATA[&amp#27;[0m
  &amp#27;[32mThen &amp#27;[0m&amp#27;[32mI click on update shopping cart again&amp#27;[0m                       &amp#27;[90m# StepDefinations.ShoppingCartSteps.iClickOnUpdateShoppingCartAgain()&amp#27;[0m
  &amp#27;[32mAnd &amp#27;[0m&amp#27;[32mI select the &amp#27;[0m&amp#27;[32m&amp#27;[1m"I agree"&amp#27;[0m&amp#27;[32m checkbox&amp#27;[0m                              &amp#27;[90m# StepDefinations.ShoppingCartSteps.iSelectTheCheckbox(java.lang.String)&amp#27;[0m
  &amp#27;[32mThen &amp#27;[0m&amp#27;[32mI click on checkout&amp#27;[0m                                         &amp#27;[90m# StepDefinations.ShoppingCartSteps.iClickOnCheckout()&amp#27;[0m

@registraion
Scenario: Register a new user                                                                                                        &amp#27;[90m# src/test/resources/features/UserRegistration.feature:3&amp#27;[0m
  &amp#27;[32mGiven &amp#27;[0m&amp#27;[32mI open Demowebshop&amp#27;[0m                                                                                                           &amp#27;[90m# StepDefinations.UserRegistrationSteps.i_open_demowebshop()&amp#27;[0m
  &amp#27;[32mWhen &amp#27;[0m&amp#27;[32mI navigate to the registration page&amp#27;[0m                                                                                           &amp#27;[90m# StepDefinations.UserRegistrationSteps.i_navigate_to_the_registration_page()&amp#27;[0m
  &amp#27;[32mWhen &amp#27;[0m&amp#27;[32mI register with &amp#27;[0m&amp#27;[32m&amp#27;[1m"sai"&amp#27;[0m&amp#27;[32m and &amp#27;[0m&amp#27;[32m&amp#27;[1m"kiriti"&amp#27;[0m&amp#27;[32m and &amp#27;[0m&amp#27;[32m&amp#27;[1m"sai1267kiriti@gmail.com"&amp#27;[0m&amp#27;[32m and &amp#27;[0m&amp#27;[32m&amp#27;[1m"Sai@369"&amp#27;[0m&amp#27;[32m and &amp#27;[0m&amp#27;[32m&amp#27;[1m"Sai@369"&amp#27;[0m&amp#27;[32m select male checkpoint in gender&amp#27;[0m &amp#27;[90m# StepDefinations.UserRegistrationSteps.i_register_with_and_and_and_and_select_checkpoint_in_gender(java.lang.String,java.lang.String,java.lang.String,java.lang.String,java.lang.String)&amp#27;[0m
  &amp#27;[32mThen &amp#27;[0m&amp#27;[32mI should see the message &amp#27;[0m&amp#27;[32m&amp#27;[1m"Your registration completed"&amp#27;[0m                                                                        &amp#27;[90m# StepDefinations.UserRegistrationSteps.i_should_see_the_message(java.lang.String)&amp#27;[0m
  &amp#27;[32mAnd &amp#27;[0m&amp#27;[32mI click on continue&amp#27;[0m                                                                                                            &amp#27;[90m# StepDefinations.UserRegistrationSteps.i_click_on_continue()&amp#27;[0m
  &amp#27;[32mAnd &amp#27;[0m&amp#27;[32mI verify the text of email and confirm the user is logged in&amp#27;[0m                                                                   &amp#27;[90m# StepDefinations.UserRegistrationSteps.i_verify_the_text_of_email_and_confirm_the_user_is_logged_in()&amp#27;[0m
  &amp#27;[32mAnd &amp#27;[0m&amp#27;[32mI click on logout button&amp#27;[0m                                                                                                       &amp#27;[90m# StepDefina]]></system-out>
    <system-err><![CDATA[Mar 21, 2025 10:31:07 AM org.openqa.selenium.devtools.CdpVersionFinder findNearestMatch
WARNING: Unable to find an exact match for CDP version 134, returning the closest version; found: 133; Please update to a Selenium version that supports CDP version 134
]]></system-err>
  </testcase>
</testsuite>