<?xml version="1.0" encoding="UTF-8"?>
<testng-results ignored="0" total="6" passed="6" failed="0" skipped="0">
  <reporter-output>
  </reporter-output>
  <suite started-at="2025-03-21T10:29:58 IST" name="Surefire suite" finished-at="2025-03-21T10:31:15 IST" duration-ms="77382">
    <groups>
      <group name="cucumber">
        <method signature="AbstractTestNGCucumberTests.runScenario(io.cucumber.testng.PickleWrapper,io.cucumber.testng.FeatureWrapper)[pri:0, instance:runner.TestRunner@6ce139a4]" name="runScenario" class="io.cucumber.testng.AbstractTestNGCucumberTests"/>
      </group> <!-- cucumber -->
    </groups>
    <test started-at="2025-03-21T10:29:58 IST" name="Surefire test" finished-at="2025-03-21T10:31:15 IST" duration-ms="77382">
      <class name="runner.TestRunner">
        <test-method is-config="true" signature="setUpClass(org.testng.ITestContext)[pri:0, instance:runner.TestRunner@6ce139a4]" started-at="2025-03-21T10:29:58 IST" name="setUpClass" finished-at="2025-03-21T10:29:58 IST" duration-ms="313" status="PASS">
          <params>
            <param index="0">
              <value>
                <![CDATA[org.testng.TestRunner@79ba0a6f]]>
              </value>
            </param>
          </params>
          <reporter-output>
          </reporter-output>
        </test-method> <!-- setUpClass -->
        <test-method signature="runScenario(io.cucumber.testng.PickleWrapper,io.cucumber.testng.FeatureWrapper)[pri:0, instance:runner.TestRunner@6ce139a4]" started-at="2025-03-21T10:29:58 IST" name="runScenario" description="Runs Cucumber Scenarios" data-provider="scenarios" finished-at="2025-03-21T10:30:05 IST" duration-ms="6532" status="PASS">
          <params>
            <param index="0">
              <value>
                <![CDATA["Verify the search bar on the home page"]]>
              </value>
            </param>
            <param index="1">
              <value>
                <![CDATA["Validate Home Page functionality"]]>
              </value>
            </param>
          </params>
          <reporter-output>
          </reporter-output>
        </test-method> <!-- runScenario -->
        <test-method signature="runScenario(io.cucumber.testng.PickleWrapper,io.cucumber.testng.FeatureWrapper)[pri:0, instance:runner.TestRunner@6ce139a4]" started-at="2025-03-21T10:30:05 IST" name="runScenario" description="Runs Cucumber Scenarios" data-provider="scenarios" finished-at="2025-03-21T10:30:37 IST" duration-ms="32563" status="PASS">
          <params>
            <param index="0">
              <value>
                <![CDATA["Place an order"]]>
              </value>
            </param>
            <param index="1">
              <value>
                <![CDATA["Order Placement"]]>
              </value>
            </param>
          </params>
          <reporter-output>
          </reporter-output>
        </test-method> <!-- runScenario -->
        <test-method signature="runScenario(io.cucumber.testng.PickleWrapper,io.cucumber.testng.FeatureWrapper)[pri:0, instance:runner.TestRunner@6ce139a4]" started-at="2025-03-21T10:30:37 IST" name="runScenario" description="Runs Cucumber Scenarios" data-provider="scenarios" finished-at="2025-03-21T10:30:47 IST" duration-ms="9447" status="PASS">
          <params>
            <param index="0">
              <value>
                <![CDATA["Validate product details after searching"]]>
              </value>
            </param>
            <param index="1">
              <value>
                <![CDATA["Product Details Functionality"]]>
              </value>
            </param>
          </params>
          <reporter-output>
          </reporter-output>
        </test-method> <!-- runScenario -->
        <test-method signature="runScenario(io.cucumber.testng.PickleWrapper,io.cucumber.testng.FeatureWrapper)[pri:0, instance:runner.TestRunner@6ce139a4]" started-at="2025-03-21T10:30:47 IST" name="runScenario" description="Runs Cucumber Scenarios" data-provider="scenarios" finished-at="2025-03-21T10:30:53 IST" duration-ms="6574" status="PASS">
          <params>
            <param index="0">
              <value>
                <![CDATA["Search for a product and filter by category and price range"]]>
              </value>
            </param>
            <param index="1">
              <value>
                <![CDATA["Automate search functionality on the Demowebshop website"]]>
              </value>
            </param>
          </params>
          <reporter-output>
          </reporter-output>
        </test-method> <!-- runScenario -->
        <test-method signature="runScenario(io.cucumber.testng.PickleWrapper,io.cucumber.testng.FeatureWrapper)[pri:0, instance:runner.TestRunner@6ce139a4]" started-at="2025-03-21T10:30:53 IST" name="runScenario" description="Runs Cucumber Scenarios" data-provider="scenarios" finished-at="2025-03-21T10:31:06 IST" duration-ms="12812" status="PASS">
          <params>
            <param index="0">
              <value>
                <![CDATA["Manage items in the shopping cart with multiple products"]]>
              </value>
            </param>
            <param index="1">
              <value>
                <![CDATA["Shopping Cart Functionality"]]>
              </value>
            </param>
          </params>
          <reporter-output>
          </reporter-output>
        </test-method> <!-- runScenario -->
        <test-method signature="runScenario(io.cucumber.testng.PickleWrapper,io.cucumber.testng.FeatureWrapper)[pri:0, instance:runner.TestRunner@6ce139a4]" started-at="2025-03-21T10:31:06 IST" name="runScenario" description="Runs Cucumber Scenarios" data-provider="scenarios" finished-at="2025-03-21T10:31:15 IST" duration-ms="8847" status="PASS">
          <params>
            <param index="0">
              <value>
                <![CDATA["Register a new user"]]>
              </value>
            </param>
            <param index="1">
              <value>
                <![CDATA["User Registration, Login, and Password Recovery"]]>
              </value>
            </param>
          </params>
          <reporter-output>
          </reporter-output>
        </test-method> <!-- runScenario -->
        <test-method is-config="true" signature="tearDownClass()[pri:0, instance:runner.TestRunner@6ce139a4]" started-at="2025-03-21T10:31:15 IST" name="tearDownClass" finished-at="2025-03-21T10:31:15 IST" duration-ms="266" status="PASS">
          <reporter-output>
          </reporter-output>
        </test-method> <!-- tearDownClass -->
      </class> <!-- runner.TestRunner -->
    </test> <!-- Surefire test -->
  </suite> <!-- Surefire suite -->
</testng-results>
