<?xml version="1.0" encoding="UTF-8"?>
<testng-results ignored="0" total="6" passed="6" failed="0" skipped="0">
  <reporter-output>
  </reporter-output>
  <suite started-at="2025-03-21T12:14:49 IST" name="Default suite" finished-at="2025-03-21T12:16:05 IST" duration-ms="75476">
    <groups>
      <group name="cucumber">
        <method signature="AbstractTestNGCucumberTests.runScenario(io.cucumber.testng.PickleWrapper,io.cucumber.testng.FeatureWrapper)[pri:0, instance:runner.TestRunner@74235045]" name="runScenario" class="io.cucumber.testng.AbstractTestNGCucumberTests"/>
      </group> <!-- cucumber -->
    </groups>
    <test started-at="2025-03-21T12:14:49 IST" name="Default test" finished-at="2025-03-21T12:16:05 IST" duration-ms="75476">
      <class name="runner.TestRunner">
        <test-method is-config="true" signature="setUpClass(org.testng.ITestContext)[pri:0, instance:runner.TestRunner@74235045]" started-at="2025-03-21T12:14:49 IST" name="setUpClass" finished-at="2025-03-21T12:14:50 IST" duration-ms="263" status="PASS">
          <params>
            <param index="0">
              <value>
                <![CDATA[org.testng.TestRunner@1f84327b]]>
              </value>
            </param>
          </params>
          <reporter-output>
          </reporter-output>
        </test-method> <!-- setUpClass -->
        <test-method signature="runScenario(io.cucumber.testng.PickleWrapper,io.cucumber.testng.FeatureWrapper)[pri:0, instance:runner.TestRunner@74235045]" started-at="2025-03-21T12:14:50 IST" name="runScenario" description="Runs Cucumber Scenarios" data-provider="scenarios" finished-at="2025-03-21T12:14:56 IST" duration-ms="6438" status="PASS">
          <params>
            <param index="0">
              <value>
                <![CDATA["Verify the search bar on the home page"]]>
              </value>
            </param>
            <param index="1">
              <value>
                <![CDATA["Validate Home Page functionality"]]>
              </value>
            </param>
          </params>
          <reporter-output>
          </reporter-output>
        </test-method> <!-- runScenario -->
        <test-method signature="runScenario(io.cucumber.testng.PickleWrapper,io.cucumber.testng.FeatureWrapper)[pri:0, instance:runner.TestRunner@74235045]" started-at="2025-03-21T12:14:56 IST" name="runScenario" description="Runs Cucumber Scenarios" data-provider="scenarios" finished-at="2025-03-21T12:15:28 IST" duration-ms="31869" status="PASS">
          <params>
            <param index="0">
              <value>
                <![CDATA["Place an order"]]>
              </value>
            </param>
            <param index="1">
              <value>
                <![CDATA["Order Placement"]]>
              </value>
            </param>
          </params>
          <reporter-output>
          </reporter-output>
        </test-method> <!-- runScenario -->
        <test-method signature="runScenario(io.cucumber.testng.PickleWrapper,io.cucumber.testng.FeatureWrapper)[pri:0, instance:runner.TestRunner@74235045]" started-at="2025-03-21T12:15:28 IST" name="runScenario" description="Runs Cucumber Scenarios" data-provider="scenarios" finished-at="2025-03-21T12:15:37 IST" duration-ms="9252" status="PASS">
          <params>
            <param index="0">
              <value>
                <![CDATA["Validate product details after searching"]]>
              </value>
            </param>
            <param index="1">
              <value>
                <![CDATA["Product Details Functionality"]]>
              </value>
            </param>
          </params>
          <reporter-output>
          </reporter-output>
        </test-method> <!-- runScenario -->
        <test-method signature="runScenario(io.cucumber.testng.PickleWrapper,io.cucumber.testng.FeatureWrapper)[pri:0, instance:runner.TestRunner@74235045]" started-at="2025-03-21T12:15:37 IST" name="runScenario" description="Runs Cucumber Scenarios" data-provider="scenarios" finished-at="2025-03-21T12:15:44 IST" duration-ms="6521" status="PASS">
          <params>
            <param index="0">
              <value>
                <![CDATA["Search for a product and filter by category and price range"]]>
              </value>
            </param>
            <param index="1">
              <value>
                <![CDATA["Automate search functionality on the Demowebshop website"]]>
              </value>
            </param>
          </params>
          <reporter-output>
          </reporter-output>
        </test-method> <!-- runScenario -->
        <test-method signature="runScenario(io.cucumber.testng.PickleWrapper,io.cucumber.testng.FeatureWrapper)[pri:0, instance:runner.TestRunner@74235045]" started-at="2025-03-21T12:15:44 IST" name="runScenario" description="Runs Cucumber Scenarios" data-provider="scenarios" finished-at="2025-03-21T12:15:56 IST" duration-ms="12024" status="PASS">
          <params>
            <param index="0">
              <value>
                <![CDATA["Manage items in the shopping cart with multiple products"]]>
              </value>
            </param>
            <param index="1">
              <value>
                <![CDATA["Shopping Cart Functionality"]]>
              </value>
            </param>
          </params>
          <reporter-output>
          </reporter-output>
        </test-method> <!-- runScenario -->
        <test-method signature="runScenario(io.cucumber.testng.PickleWrapper,io.cucumber.testng.FeatureWrapper)[pri:0, instance:runner.TestRunner@74235045]" started-at="2025-03-21T12:15:56 IST" name="runScenario" description="Runs Cucumber Scenarios" data-provider="scenarios" finished-at="2025-03-21T12:16:05 IST" duration-ms="8841" status="PASS">
          <params>
            <param index="0">
              <value>
                <![CDATA["Register a new user"]]>
              </value>
            </param>
            <param index="1">
              <value>
                <![CDATA["User Registration, Login, and Password Recovery"]]>
              </value>
            </param>
          </params>
          <reporter-output>
          </reporter-output>
        </test-method> <!-- runScenario -->
        <test-method is-config="true" signature="tearDownClass()[pri:0, instance:runner.TestRunner@74235045]" started-at="2025-03-21T12:16:05 IST" name="tearDownClass" finished-at="2025-03-21T12:16:05 IST" duration-ms="229" status="PASS">
          <reporter-output>
          </reporter-output>
        </test-method> <!-- tearDownClass -->
      </class> <!-- runner.TestRunner -->
    </test> <!-- Default test -->
  </suite> <!-- Default suite -->
</testng-results>
